<?xml version="1.0" encoding="UTF-8"?>
<testsuite xmlns:xsi="http://www.w3.org/2001/XMLSchema-instance" xsi:noNamespaceSchemaLocation="https://maven.apache.org/surefire/maven-surefire-plugin/xsd/surefire-test-report.xsd" name="DeckAndDealerTests" time="0.034" tests="10" errors="0" skipped="0" failures="0">
  <properties>
[...]
</properties>
  <testcase name="makingTwoPlayersTest" classname="DeckAndDealerTests" time="0.014"/>
  <testcase name="deckRandomnessTest" classname="DeckAndDealerTests" time="0.002"/>
  <testcase name="cardTest" classname="DeckAndDealerTests" time="0.001"/>
  <testcase name="deckCardValueTest" classname="DeckAndDealerTests" time="0"/>
  <testcase name="dealersDeckTest" classname="DeckAndDealerTests" time="0"/>
  <testcase name="deckSize" classname="DeckAndDealerTests" time="0"/>
  <testcase name="makingADealerTest" classname="DeckAndDealerTests" time="0"/>
  <testcase name="deckCardSuitTest" classname="DeckAndDealerTests" time="0"/>
  <testcase name="makingAPlayerTest" classname="DeckAndDealerTests" time="0.001"/>
  <testcase name="deckSizeTest" classname="DeckAndDealerTests" time="0.001"/>
</testsuite>